<?xml version="1.0" encoding="UTF-8"?>
<testsuite name="com.deconvolution.project.CucumberRunner" tests="1" skipped="0" failures="0" errors="0" timestamp="2022-09-18T10:16:38" hostname="Mini-Barbara" time="0.169">
  <properties/>
  <testcase name="Simple Band Test - Simple test" classname="com.deconvolution.project.CucumberRunner" time="0.169"/>
  <system-out><![CDATA[]]></system-out>
  <system-err><![CDATA[]]></system-err>
</testsuite>
